<?xml version="1.0" encoding="UTF-8"?>
<testsuite xmlns:xsi="http://www.w3.org/2001/XMLSchema-instance" xsi:noNamespaceSchemaLocation="https://maven.apache.org/surefire/maven-surefire-plugin/xsd/surefire-test-report.xsd" version="3.0.2" name="com.bau.web_application.WebApplicationTests" time="2.74" tests="1" errors="0" skipped="0" failures="0">
  <properties>
[...]
</properties>
  <testcase name="contextLoads" classname="com.bau.web_application.WebApplicationTests" time="0.734">
    <system-out><![CDATA[10:07:35.997 [main] INFO org.springframework.test.context.support.AnnotationConfigContextLoaderUtils -- Could not detect default configuration classes for test class [com.bau.web_application.WebApplicationTests]: WebApplicationTests does not declare any static, non-private, non-final, nested classes annotated with @Configuration.
10:07:36.083 [main] INFO org.springframework.boot.test.context.SpringBootTestContextBootstrapper -- Found @SpringBootConfiguration com.bau.web_application.WebApplication for test class com.bau.web_application.WebApplicationTests
10:07:36.210 [main] INFO org.springframework.boot.devtools.restart.RestartApplicationListener -- Restart disabled due to context in which it is running

  .   ____          _            __ _ _
 /\\ / ___'_ __ _ _(_)_ __  __ _ \ \ \ \
( ( )\___ | '_ | '_| | '_ \/ _` | \ \ \ \
 \\/  ___)| |_)| | | | | || (_| |  ) ) ) )
  '  |____| .__|_| |_|_| |_\__, | / / / /
 =========|_|==============|___/=/_/_/_/

 :: Spring Boot ::                (v3.4.0)

2024-12-25T10:07:36.415+03:00  INFO 14700 --- [Web Application] [           main] c.b.web_application.WebApplicationTests  : Starting WebApplicationTests using Java 21.0.3 with PID 14700 (started by temel in C:\Users\temel\Desktop\web-application\web-application)
2024-12-25T10:07:36.416+03:00  INFO 14700 --- [Web Application] [           main] c.b.web_application.WebApplicationTests  : No active profile set, falling back to 1 default profile: "default"
2024-12-25T10:07:37.534+03:00  WARN 14700 --- [Web Application] [           main] ion$DefaultTemplateResolverConfiguration : Cannot find template location: classpath:/templates/ (please add some templates, check your Thymeleaf configuration, or set spring.thymeleaf.check-template-location=false)
2024-12-25T10:07:37.667+03:00  WARN 14700 --- [Web Application] [           main] .s.s.UserDetailsServiceAutoConfiguration : 

Using generated security password: 25dafc17-9ff9-4feb-bea5-67ded951fb1b

This generated password is for development use only. Your security configuration must be updated before running your application in production.

2024-12-25T10:07:37.719+03:00  INFO 14700 --- [Web Application] [           main] r$InitializeUserDetailsManagerConfigurer : Global AuthenticationManager configured with UserDetailsService bean with name inMemoryUserDetailsManager
2024-12-25T10:07:37.853+03:00  INFO 14700 --- [Web Application] [           main] c.b.web_application.WebApplicationTests  : Started WebApplicationTests in 1.651 seconds (process running for 2.399)
]]></system-out>
    <system-err><![CDATA[Mockito is currently self-attaching to enable the inline-mock-maker. This will no longer work in future releases of the JDK. Please add Mockito as an agent to your build what is described in Mockito's documentation: https://javadoc.io/doc/org.mockito/mockito-core/latest/org/mockito/Mockito.html#0.3
WARNING: A Java agent has been loaded dynamically (C:\Users\temel\.m2\repository\net\bytebuddy\byte-buddy-agent\1.15.10\byte-buddy-agent-1.15.10.jar)
WARNING: If a serviceability tool is in use, please run with -XX:+EnableDynamicAgentLoading to hide this warning
WARNING: If a serviceability tool is not in use, please run with -Djdk.instrument.traceUsage for more information
WARNING: Dynamic loading of agents will be disallowed by default in a future release
]]></system-err>
  </testcase>
</testsuite>